2025/07/31 01:18:52 [notice] 1#1: using the "epoll" event method
2025/07/31 01:18:52 [notice] 1#1: nginx/1.29.0
2025/07/31 01:18:52 [notice] 1#1: built by gcc 14.2.0 (Alpine 14.2.0) 
2025/07/31 01:18:52 [notice] 1#1: OS: Linux 5.15.0-144-generic
2025/07/31 01:18:52 [notice] 1#1: getrlimit(RLIMIT_NOFILE): 1048576:1048576
2025/07/31 01:18:52 [notice] 1#1: start worker processes
2025/07/31 01:18:52 [notice] 1#1: start worker process 28
2025/07/31 01:48:08 [notice] 1#1: signal 3 (SIGQUIT) received, shutting down
2025/07/31 01:48:08 [notice] 28#28: gracefully shutting down
2025/07/31 01:48:08 [notice] 28#28: exiting
2025/07/31 01:48:08 [notice] 28#28: exit
2025/07/31 01:48:08 [notice] 1#1: signal 17 (SIGCHLD) received from 28
2025/07/31 01:48:08 [notice] 1#1: worker process 28 exited with code 0
2025/07/31 01:48:08 [notice] 1#1: exit
2025/07/31 01:48:09 [notice] 1#1: using the "epoll" event method
2025/07/31 01:48:09 [notice] 1#1: nginx/1.29.0
2025/07/31 01:48:09 [notice] 1#1: built by gcc 14.2.0 (Alpine 14.2.0) 
2025/07/31 01:48:09 [notice] 1#1: OS: Linux 5.15.0-144-generic
2025/07/31 01:48:09 [notice] 1#1: getrlimit(RLIMIT_NOFILE): 1048576:1048576
2025/07/31 01:48:09 [notice] 1#1: start worker processes
2025/07/31 01:48:09 [notice] 1#1: start worker process 28
2025/07/31 01:48:53 [error] 28#28: *7 open() "/usr/share/nginx/html/favicon.ico" failed (2: No such file or directory), client: 172.24.0.3, server: localhost, request: "GET /favicon.ico HTTP/1.1", host: "portfolio.jlgdev.com", referrer: "https://portfolio.jlgdev.com/CVPage"
2025/07/31 01:50:14 [error] 28#28: *17 open() "/usr/share/nginx/html/favicon.ico" failed (2: No such file or directory), client: 172.24.0.3, server: localhost, request: "GET /favicon.ico HTTP/1.1", host: "portfolio.jlgdev.com"
2025/07/31 01:50:15 [error] 28#28: *19 open() "/usr/share/nginx/html/favicon.ico" failed (2: No such file or directory), client: 172.24.0.3, server: localhost, request: "GET /favicon.ico HTTP/1.1", host: "portfolio.jlgdev.com", referrer: "https://portfolio.jlgdev.com/CVPage"
2025/07/31 01:50:15 [error] 28#28: *19 open() "/usr/share/nginx/html/favicon.ico" failed (2: No such file or directory), client: 172.24.0.3, server: localhost, request: "GET /favicon.ico HTTP/1.1", host: "portfolio.jlgdev.com", referrer: "https://portfolio.jlgdev.com/CVPage"
